<?xml version="1.0" encoding="UTF-8"?>
<!-- Generated by org.testng.reporters.JUnitXMLReporter -->
<testsuite ignored="0" hostname="Dell" failures="0" tests="4" name="Test_Login" time="56.898" errors="0" timestamp="2022-07-09T16:42:02 IST">
  <testcase classname="com.ebanking.test_class.TC_SS1" name="LoginTest1" time="10.356"/>
  <testcase classname="com.ebanking.test_class.TC_SS1" name="LoginTest2" time="12.029"/>
  <testcase classname="com.ebanking.test_class.TC_SS1" name="LoginTest3" time="7.792"/>
  <testcase classname="com.ebanking.test_class.TC_SS1" name="LoginTest4" time="6.064"/>
</testsuite> <!-- Test_Login -->
