<?xml version="1.0" encoding="UTF-8"?>
<!-- Generated by org.testng.reporters.JUnitXMLReporter -->
<testsuite ignored="0" hostname="Dell" failures="1" tests="1" name="Test_Login" time="16.886" errors="0" timestamp="2022-07-14T18:28:09 IST">
  <testcase classname="com.ebanking.test_class.TC_SS2" name="logintest" time="6.744">
    <failure type="java.lang.NullPointerException" message="Cannot invoke &amp;quot;org.openqa.selenium.TakesScreenshot.getScreenshotAs(org.openqa.selenium.OutputType)&amp;quot; because &amp;quot;driver&amp;quot; is null">
      <![CDATA[java.lang.NullPointerException: Cannot invoke "org.openqa.selenium.TakesScreenshot.getScreenshotAs(org.openqa.selenium.OutputType)" because "driver" is null
at com.ebanking.utility_class.Utility.SS(Utility.java:90)
at com.ebanking.utility_class.ListenerSimple.onTestSuccess(ListenerSimple.java:22)
at java.base/java.util.ArrayList.forEach(ArrayList.java:1511)
... Removed 24 stack frames]]>
    </failure>
  </testcase> <!-- logintest -->
</testsuite> <!-- Test_Login -->
