<?xml version="1.0" encoding="UTF-8"?>
<!-- Generated by org.testng.reporters.JUnitXMLReporter -->
<testsuite ignored="0" hostname="Dell" failures="0" tests="4" name="Default test" time="21.984" errors="0" timestamp="2022-07-11T11:47:07 IST">
  <testcase classname="com.ebanking.test_class.TC_SS2" name="logintest" time="4.601"/>
  <testcase classname="com.ebanking.test_class.TC_SS2" name="logintest" time="2.621"/>
  <testcase classname="com.ebanking.test_class.TC_SS2" name="logintest" time="2.584"/>
  <testcase classname="com.ebanking.test_class.TC_SS2" name="logintest" time="2.639"/>
</testsuite> <!-- Default test -->
