<?xml version="1.0" encoding="UTF-8"?>
<!-- Generated by org.testng.reporters.JUnitXMLReporter -->
<testsuite ignored="3" hostname="Dell" failures="0" tests="1" name="Default test" time="13.049" errors="0" timestamp="2022-07-10T14:18:03 IST">
  <testcase classname="com.ebanking.test_class.TC_SS1" name="LoginTest3" time="7.843"/>
  <testcase classname="com.ebanking.test_class.TC_SS1" name="LoginTest1" time="0.0">
    <ignored/>
  </testcase> <!-- LoginTest1 -->
  <testcase classname="com.ebanking.test_class.TC_SS1" name="LoginTest2" time="0.0">
    <ignored/>
  </testcase> <!-- LoginTest2 -->
  <testcase classname="com.ebanking.test_class.TC_SS1" name="LoginTest4" time="0.0">
    <ignored/>
  </testcase> <!-- LoginTest4 -->
</testsuite> <!-- Default test -->
