<?xml version="1.0" encoding="UTF-8"?>
<testng-results ignored="0" total="1" passed="1" failed="0" skipped="0">
  <reporter-output>
  </reporter-output>
  <suite started-at="2022-07-07T23:27:20 IST" name="Suite" finished-at="2022-07-07T23:27:41 IST" duration-ms="20089">
    <groups>
    </groups>
    <test started-at="2022-07-07T23:27:20 IST" name="Test" finished-at="2022-07-07T23:27:41 IST" duration-ms="20089">
      <class name="com.ebanking.test_class.TC_SS1">
        <test-method is-config="true" signature="setUp()[pri:0, instance:com.ebanking.test_class.TC_SS1@1bd4fdd]" started-at="2022-07-07T23:27:21 IST" name="setUp" finished-at="2022-07-07T23:27:25 IST" duration-ms="4516" status="PASS">
          <reporter-output>
          </reporter-output>
        </test-method> <!-- setUp -->
        <test-method signature="LoginTest()[pri:0, instance:com.ebanking.test_class.TC_SS1@1bd4fdd]" started-at="2022-07-07T23:27:25 IST" name="LoginTest" finished-at="2022-07-07T23:27:39 IST" duration-ms="14342" status="PASS">
          <reporter-output>
          </reporter-output>
        </test-method> <!-- LoginTest -->
        <test-method is-config="true" signature="end()[pri:0, instance:com.ebanking.test_class.TC_SS1@1bd4fdd]" started-at="2022-07-07T23:27:39 IST" name="end" finished-at="2022-07-07T23:27:41 IST" duration-ms="1193" status="PASS">
          <reporter-output>
          </reporter-output>
        </test-method> <!-- end -->
      </class> <!-- com.ebanking.test_class.TC_SS1 -->
    </test> <!-- Test -->
  </suite> <!-- Suite -->
</testng-results>
