<?xml version="1.0" encoding="UTF-8"?>
<testng-results ignored="0" total="4" passed="4" failed="0" skipped="0">
  <reporter-output>
  </reporter-output>
  <suite started-at="2022-07-08T14:11:20 IST" name="Suite" finished-at="2022-07-08T14:12:11 IST" duration-ms="50416">
    <groups>
    </groups>
    <test started-at="2022-07-08T14:11:20 IST" name="Test_Login" finished-at="2022-07-08T14:12:11 IST" duration-ms="50416">
      <class name="com.ebanking.test_class.TC_SS1">
        <test-method is-config="true" signature="setUp()[pri:0, instance:com.ebanking.test_class.TC_SS1@436813f3]" started-at="2022-07-08T14:11:20 IST" name="setUp" finished-at="2022-07-08T14:11:24 IST" duration-ms="3454" status="PASS">
          <reporter-output>
          </reporter-output>
        </test-method> <!-- setUp -->
        <test-method signature="LoginTest1()[pri:0, instance:com.ebanking.test_class.TC_SS1@436813f3]" started-at="2022-07-08T14:11:24 IST" name="LoginTest1" finished-at="2022-07-08T14:11:38 IST" duration-ms="13888" status="PASS">
          <reporter-output>
          </reporter-output>
        </test-method> <!-- LoginTest1 -->
        <test-method is-config="true" signature="end()[pri:0, instance:com.ebanking.test_class.TC_SS1@436813f3]" started-at="2022-07-08T14:11:38 IST" name="end" finished-at="2022-07-08T14:11:39 IST" duration-ms="1056" status="PASS">
          <reporter-output>
          </reporter-output>
        </test-method> <!-- end -->
        <test-method is-config="true" signature="setUp()[pri:0, instance:com.ebanking.test_class.TC_SS1@436813f3]" started-at="2022-07-08T14:11:39 IST" name="setUp" finished-at="2022-07-08T14:11:41 IST" duration-ms="2664" status="PASS">
          <reporter-output>
          </reporter-output>
        </test-method> <!-- setUp -->
        <test-method signature="LoginTest2()[pri:0, instance:com.ebanking.test_class.TC_SS1@436813f3]" started-at="2022-07-08T14:11:41 IST" name="LoginTest2" finished-at="2022-07-08T14:11:47 IST" duration-ms="5364" status="PASS">
          <reporter-output>
          </reporter-output>
        </test-method> <!-- LoginTest2 -->
        <test-method is-config="true" signature="end()[pri:0, instance:com.ebanking.test_class.TC_SS1@436813f3]" started-at="2022-07-08T14:11:47 IST" name="end" finished-at="2022-07-08T14:11:48 IST" duration-ms="954" status="PASS">
          <reporter-output>
          </reporter-output>
        </test-method> <!-- end -->
        <test-method is-config="true" signature="setUp()[pri:0, instance:com.ebanking.test_class.TC_SS1@436813f3]" started-at="2022-07-08T14:11:48 IST" name="setUp" finished-at="2022-07-08T14:11:50 IST" duration-ms="2403" status="PASS">
          <reporter-output>
          </reporter-output>
        </test-method> <!-- setUp -->
        <test-method signature="LoginTest3()[pri:0, instance:com.ebanking.test_class.TC_SS1@436813f3]" started-at="2022-07-08T14:11:50 IST" name="LoginTest3" finished-at="2022-07-08T14:11:58 IST" duration-ms="7981" status="PASS">
          <reporter-output>
          </reporter-output>
        </test-method> <!-- LoginTest3 -->
        <test-method is-config="true" signature="end()[pri:0, instance:com.ebanking.test_class.TC_SS1@436813f3]" started-at="2022-07-08T14:11:58 IST" name="end" finished-at="2022-07-08T14:11:59 IST" duration-ms="1054" status="PASS">
          <reporter-output>
          </reporter-output>
        </test-method> <!-- end -->
        <test-method is-config="true" signature="setUp()[pri:0, instance:com.ebanking.test_class.TC_SS1@436813f3]" started-at="2022-07-08T14:11:59 IST" name="setUp" finished-at="2022-07-08T14:12:02 IST" duration-ms="2560" status="PASS">
          <reporter-output>
          </reporter-output>
        </test-method> <!-- setUp -->
        <test-method signature="LoginTest4()[pri:0, instance:com.ebanking.test_class.TC_SS1@436813f3]" started-at="2022-07-08T14:12:02 IST" name="LoginTest4" finished-at="2022-07-08T14:12:10 IST" duration-ms="7932" status="PASS">
          <reporter-output>
          </reporter-output>
        </test-method> <!-- LoginTest4 -->
        <test-method is-config="true" signature="end()[pri:0, instance:com.ebanking.test_class.TC_SS1@436813f3]" started-at="2022-07-08T14:12:10 IST" name="end" finished-at="2022-07-08T14:12:11 IST" duration-ms="1053" status="PASS">
          <reporter-output>
          </reporter-output>
        </test-method> <!-- end -->
      </class> <!-- com.ebanking.test_class.TC_SS1 -->
    </test> <!-- Test_Login -->
  </suite> <!-- Suite -->
</testng-results>
